<?xml version="1.0" encoding="UTF-8"?>
<!-- Generated by org.testng.reporters.JUnitXMLReporter -->
<testsuite ignored="0" hostname="DESKTOP-IVP925K" failures="0" tests="14" name="Test" time="25.772" errors="0" timestamp="2023-01-23T20:49:12 IST">
  <testcase classname="test.SortBy" name="@BeforeTest setupTest" time="2.668">
    <failure type="org.openqa.selenium.NoSuchWindowException" message="no such window: target window already closed
from unknown error: web view not found
  (Session info: chrome=109.0.5414.75)
Build info: version: &amp;apos;4.7.2&amp;apos;, revision: &amp;apos;4d4020c3b7&amp;apos;
System info: os.name: &amp;apos;Windows 10&amp;apos;, os.arch: &amp;apos;amd64&amp;apos;, os.version: &amp;apos;10.0&amp;apos;, java.version: &amp;apos;18.0.2&amp;apos;
Driver info: org.openqa.selenium.chrome.ChromeDriver
Command: [7c2fd59519918a48ccadcfb993bf05f6, maximizeCurrentWindow {}]
Capabilities {acceptInsecureCerts: false, browserName: chrome, browserVersion: 109.0.5414.75, chrome: {chromedriverVersion: 108.0.5359.71 (1e0e3868ee06..., userDataDir: C:\Users\ACER\AppData\Local...}, goog:chromeOptions: {debuggerAddress: localhost:54929}, networkConnectionEnabled: false, pageLoadStrategy: normal, platformName: WINDOWS, proxy: Proxy(), se:cdp: ws://localhost:54929/devtoo..., se:cdpVersion: 109.0.5414.75, setWindowRect: true, strictFileInteractability: false, timeouts: {implicit: 0, pageLoad: 300000, script: 30000}, unhandledPromptBehavior: dismiss and notify, webauthn:extension:credBlob: true, webauthn:extension:largeBlob: true, webauthn:virtualAuthenticators: true}
Session ID: 7c2fd59519918a48ccadcfb993bf05f6">
      <![CDATA[org.openqa.selenium.NoSuchWindowException: no such window: target window already closed
from unknown error: web view not found
  (Session info: chrome=109.0.5414.75)
Build info: version: '4.7.2', revision: '4d4020c3b7'
System info: os.name: 'Windows 10', os.arch: 'amd64', os.version: '10.0', java.version: '18.0.2'
Driver info: org.openqa.selenium.chrome.ChromeDriver
Command: [7c2fd59519918a48ccadcfb993bf05f6, maximizeCurrentWindow {}]
Capabilities {acceptInsecureCerts: false, browserName: chrome, browserVersion: 109.0.5414.75, chrome: {chromedriverVersion: 108.0.5359.71 (1e0e3868ee06..., userDataDir: C:\Users\ACER\AppData\Local...}, goog:chromeOptions: {debuggerAddress: localhost:54929}, networkConnectionEnabled: false, pageLoadStrategy: normal, platformName: WINDOWS, proxy: Proxy(), se:cdp: ws://localhost:54929/devtoo..., se:cdpVersion: 109.0.5414.75, setWindowRect: true, strictFileInteractability: false, timeouts: {implicit: 0, pageLoad: 300000, script: 30000}, unhandledPromptBehavior: dismiss and notify, webauthn:extension:credBlob: true, webauthn:extension:largeBlob: true, webauthn:virtualAuthenticators: true}
Session ID: 7c2fd59519918a48ccadcfb993bf05f6
at org.openqa.selenium.remote.codec.w3c.W3CHttpResponseCodec.createException(W3CHttpResponseCodec.java:200)
at org.openqa.selenium.remote.codec.w3c.W3CHttpResponseCodec.decode(W3CHttpResponseCodec.java:133)
at org.openqa.selenium.remote.codec.w3c.W3CHttpResponseCodec.decode(W3CHttpResponseCodec.java:53)
at org.openqa.selenium.remote.HttpCommandExecutor.execute(HttpCommandExecutor.java:184)
at org.openqa.selenium.remote.service.DriverCommandExecutor.invokeExecute(DriverCommandExecutor.java:167)
at org.openqa.selenium.remote.service.DriverCommandExecutor.execute(DriverCommandExecutor.java:142)
at org.openqa.selenium.remote.RemoteWebDriver.execute(RemoteWebDriver.java:535)
at org.openqa.selenium.remote.RemoteWebDriver.execute(RemoteWebDriver.java:590)
at org.openqa.selenium.remote.RemoteWebDriver.execute(RemoteWebDriver.java:594)
at org.openqa.selenium.remote.RemoteWebDriver$RemoteWebDriverOptions$RemoteWindow.maximize(RemoteWebDriver.java:946)
at base.browser.setup(browser.java:42)
at test.SortBy.setupTest(SortBy.java:22)
... Removed 25 stack frames]]>
    </failure>
  </testcase> <!-- @BeforeTest setupTest -->
  <testcase classname="test.SearchBus" name="fromDropdown" time="0.0">
    <skipped/>
  </testcase> <!-- fromDropdown -->
  <testcase classname="test.LinkValidations" name="availableLinks" time="0.0">
    <skipped/>
  </testcase> <!-- availableLinks -->
  <testcase classname="test.FilterByTest" name="fromDropdown" time="0.0">
    <skipped/>
  </testcase> <!-- fromDropdown -->
  <testcase classname="test.SortBy" name="FirstPage" time="0.0">
    <skipped/>
  </testcase> <!-- FirstPage -->
  <testcase classname="test.FilterByTest" name="findBuses" time="0.0">
    <skipped/>
  </testcase> <!-- findBuses -->
  <testcase classname="test.LinkValidations" name="availableFooterLinks" time="0.0">
    <skipped/>
  </testcase> <!-- availableFooterLinks -->
  <testcase classname="test.FilterByTest" name="filterByNonACType" time="0.0">
    <skipped/>
  </testcase> <!-- filterByNonACType -->
  <testcase classname="test.SearchBus" name="findBuses" time="0.0">
    <skipped/>
  </testcase> <!-- findBuses -->
  <testcase classname="test.LinkValidations" name="firstColumnLinksInFooter" time="0.0">
    <skipped/>
  </testcase> <!-- firstColumnLinksInFooter -->
  <testcase classname="test.SortBy" name="SortFare" time="0.0">
    <skipped/>
  </testcase> <!-- SortFare -->
  <testcase classname="test.FilterByTest" name="closeWindow" time="0.0">
    <skipped/>
  </testcase> <!-- closeWindow -->
  <testcase classname="test.LinkValidations" name="closeWindow" time="0.0">
    <skipped/>
  </testcase> <!-- closeWindow -->
  <testcase classname="test.SearchBus" name="closeWindow" time="0.0">
    <skipped/>
  </testcase> <!-- closeWindow -->
  <testcase classname="test.SortBy" name="closeWindow" time="0.0">
    <skipped/>
  </testcase> <!-- closeWindow -->
</testsuite> <!-- Test -->
